  stdafx.cpp
  adminenter.cpp
e:\绝密文件\c++面向对象程序设计\专业技能实训\专业技能训练\mobilesale\mobilesale\adminenter.cpp(60): warning C4996: 'getch': The POSIX name for this item is deprecated. Instead, use the ISO C and C++ conformant name: _getch. See online help for details.
  c:\program files (x86)\windows kits\10\include\10.0.17763.0\ucrt\conio.h(453): note: 参见“getch”的声明
e:\绝密文件\c++面向对象程序设计\专业技能实训\专业技能训练\mobilesale\mobilesale\adminenter.cpp(69): warning C4996: 'getch': The POSIX name for this item is deprecated. Instead, use the ISO C and C++ conformant name: _getch. See online help for details.
  c:\program files (x86)\windows kits\10\include\10.0.17763.0\ucrt\conio.h(453): note: 参见“getch”的声明
  consumerenter.cpp
e:\绝密文件\c++面向对象程序设计\专业技能实训\专业技能训练\mobilesale\mobilesale\consumerenter.cpp(63): warning C4996: 'getch': The POSIX name for this item is deprecated. Instead, use the ISO C and C++ conformant name: _getch. See online help for details.
  c:\program files (x86)\windows kits\10\include\10.0.17763.0\ucrt\conio.h(453): note: 参见“getch”的声明
e:\绝密文件\c++面向对象程序设计\专业技能实训\专业技能训练\mobilesale\mobilesale\consumerenter.cpp(72): warning C4996: 'getch': The POSIX name for this item is deprecated. Instead, use the ISO C and C++ conformant name: _getch. See online help for details.
  c:\program files (x86)\windows kits\10\include\10.0.17763.0\ucrt\conio.h(453): note: 参见“getch”的声明
  main.cpp
  salerenter.cpp
e:\绝密文件\c++面向对象程序设计\专业技能实训\专业技能训练\mobilesale\mobilesale\salerenter.cpp(59): warning C4996: 'getch': The POSIX name for this item is deprecated. Instead, use the ISO C and C++ conformant name: _getch. See online help for details.
  c:\program files (x86)\windows kits\10\include\10.0.17763.0\ucrt\conio.h(453): note: 参见“getch”的声明
e:\绝密文件\c++面向对象程序设计\专业技能实训\专业技能训练\mobilesale\mobilesale\salerenter.cpp(68): warning C4996: 'getch': The POSIX name for this item is deprecated. Instead, use the ISO C and C++ conformant name: _getch. See online help for details.
  c:\program files (x86)\windows kits\10\include\10.0.17763.0\ucrt\conio.h(453): note: 参见“getch”的声明
  salesys.cpp
e:\绝密文件\c++面向对象程序设计\专业技能实训\专业技能训练\mobilesale\mobilesale\salesys.cpp(97): warning C4996: 'getch': The POSIX name for this item is deprecated. Instead, use the ISO C and C++ conformant name: _getch. See online help for details.
  c:\program files (x86)\windows kits\10\include\10.0.17763.0\ucrt\conio.h(453): note: 参见“getch”的声明
e:\绝密文件\c++面向对象程序设计\专业技能实训\专业技能训练\mobilesale\mobilesale\salesys.cpp(129): warning C4996: 'getch': The POSIX name for this item is deprecated. Instead, use the ISO C and C++ conformant name: _getch. See online help for details.
  c:\program files (x86)\windows kits\10\include\10.0.17763.0\ucrt\conio.h(453): note: 参见“getch”的声明
e:\绝密文件\c++面向对象程序设计\专业技能实训\专业技能训练\mobilesale\mobilesale\salesys.cpp(149): warning C4996: 'getch': The POSIX name for this item is deprecated. Instead, use the ISO C and C++ conformant name: _getch. See online help for details.
  c:\program files (x86)\windows kits\10\include\10.0.17763.0\ucrt\conio.h(453): note: 参见“getch”的声明
e:\绝密文件\c++面向对象程序设计\专业技能实训\专业技能训练\mobilesale\mobilesale\salesys.cpp(247): warning C4996: 'getch': The POSIX name for this item is deprecated. Instead, use the ISO C and C++ conformant name: _getch. See online help for details.
  c:\program files (x86)\windows kits\10\include\10.0.17763.0\ucrt\conio.h(453): note: 参见“getch”的声明
e:\绝密文件\c++面向对象程序设计\专业技能实训\专业技能训练\mobilesale\mobilesale\salesys.cpp(277): warning C4996: 'getch': The POSIX name for this item is deprecated. Instead, use the ISO C and C++ conformant name: _getch. See online help for details.
  c:\program files (x86)\windows kits\10\include\10.0.17763.0\ucrt\conio.h(453): note: 参见“getch”的声明
e:\绝密文件\c++面向对象程序设计\专业技能实训\专业技能训练\mobilesale\mobilesale\salesys.cpp(364): warning C4996: 'getch': The POSIX name for this item is deprecated. Instead, use the ISO C and C++ conformant name: _getch. See online help for details.
  c:\program files (x86)\windows kits\10\include\10.0.17763.0\ucrt\conio.h(453): note: 参见“getch”的声明
e:\绝密文件\c++面向对象程序设计\专业技能实训\专业技能训练\mobilesale\mobilesale\salesys.cpp(384): warning C4996: 'getch': The POSIX name for this item is deprecated. Instead, use the ISO C and C++ conformant name: _getch. See online help for details.
  c:\program files (x86)\windows kits\10\include\10.0.17763.0\ucrt\conio.h(453): note: 参见“getch”的声明
e:\绝密文件\c++面向对象程序设计\专业技能实训\专业技能训练\mobilesale\mobilesale\salesys.cpp(476): warning C4996: 'getch': The POSIX name for this item is deprecated. Instead, use the ISO C and C++ conformant name: _getch. See online help for details.
  c:\program files (x86)\windows kits\10\include\10.0.17763.0\ucrt\conio.h(453): note: 参见“getch”的声明
e:\绝密文件\c++面向对象程序设计\专业技能实训\专业技能训练\mobilesale\mobilesale\salesys.cpp(483): warning C4996: 'getch': The POSIX name for this item is deprecated. Instead, use the ISO C and C++ conformant name: _getch. See online help for details.
  c:\program files (x86)\windows kits\10\include\10.0.17763.0\ucrt\conio.h(453): note: 参见“getch”的声明
e:\绝密文件\c++面向对象程序设计\专业技能实训\专业技能训练\mobilesale\mobilesale\salesys.cpp(509): warning C4996: 'getch': The POSIX name for this item is deprecated. Instead, use the ISO C and C++ conformant name: _getch. See online help for details.
  c:\program files (x86)\windows kits\10\include\10.0.17763.0\ucrt\conio.h(453): note: 参见“getch”的声明
  visitorenter.cpp
  正在生成代码...
  mobilesale.vcxproj -> E:\绝密文件\C++面向对象程序设计\专业技能实训\专业技能训练\mobilesale\Debug\mobilesale.exe
